2025-05-20 22:39:59.332 | INFO     | utils_logger:<module>:41 - Logging to file: logs\project_log.log
2025-05-20 22:39:59.332 | INFO     | __main__:main:97 - Starting CSV fetch demonstration...
2025-05-20 22:39:59.332 | INFO     | __main__:fetch_csv_file:56 - Fetching CSV data from https://raw.githubusercontent.com/MainakRepositor/Datasets/master/World%20Happiness%20Data/2020.csv...
2025-05-20 22:39:59.466 | INFO     | __main__:write_csv_file:80 - Writing CSV data to example_data\2020_happiness.csv...
2025-05-20 22:39:59.469 | INFO     | __main__:write_csv_file:84 - SUCCESS: CSV data written to example_data\2020_happiness.csv
2025-05-20 22:39:59.470 | INFO     | __main__:fetch_csv_file:60 - SUCCESS: CSV file fetched and saved as 2020_happiness.csv
2025-05-20 22:40:43.980 | INFO     | utils_logger:<module>:41 - Logging to file: logs\project_log.log
2025-05-20 22:40:43.980 | INFO     | __main__:main:97 - Starting CSV fetch demonstration...
2025-05-20 22:40:43.980 | INFO     | __main__:fetch_csv_file:56 - Fetching CSV data from https://raw.githubusercontent.com/MainakRepositor/Datasets/master/World%20Happiness%20Data/2020.csv...
2025-05-20 22:40:44.023 | INFO     | __main__:write_csv_file:80 - Writing CSV data to femi_data\2020_happiness.csv...
2025-05-20 22:40:44.024 | INFO     | __main__:write_csv_file:84 - SUCCESS: CSV data written to femi_data\2020_happiness.csv
2025-05-20 22:40:44.024 | INFO     | __main__:fetch_csv_file:60 - SUCCESS: CSV file fetched and saved as 2020_happiness.csv
2025-05-20 22:41:57.650 | INFO     | __main__:<module>:41 - Logging to file: logs\project_log.log
2025-05-20 22:41:57.651 | INFO     | __main__:main:63 - STARTING utils_logger.py
2025-05-20 22:41:57.651 | INFO     | __main__:log_example:54 - This is an example info message.
2025-05-20 22:41:57.651 | WARNING  | __main__:log_example:55 - This is an example warning message.
2025-05-20 22:41:57.651 | ERROR    | __main__:log_example:56 - This is an example error message.
2025-05-20 22:41:57.651 | INFO     | __main__:main:68 - View the log output at logs\project_log.log
2025-05-20 22:41:57.652 | INFO     | __main__:main:69 - EXITING utils_logger.py.
2025-05-20 22:42:22.648 | INFO     | utils_logger:<module>:41 - Logging to file: logs\project_log.log
2025-05-20 22:42:22.648 | INFO     | __main__:main:97 - Starting CSV fetch demonstration...
2025-05-20 22:42:22.648 | INFO     | __main__:fetch_csv_file:56 - Fetching CSV data from https://raw.githubusercontent.com/MainakRepositor/Datasets/master/World%20Happiness%20Data/2020.csv...
2025-05-20 22:42:22.696 | INFO     | __main__:write_csv_file:80 - Writing CSV data to femi_data\2020_happiness.csv...
2025-05-20 22:42:22.699 | INFO     | __main__:write_csv_file:84 - SUCCESS: CSV data written to femi_data\2020_happiness.csv
2025-05-20 22:42:22.699 | INFO     | __main__:fetch_csv_file:60 - SUCCESS: CSV file fetched and saved as 2020_happiness.csv
2025-05-20 22:43:22.992 | INFO     | utils_logger:<module>:41 - Logging to file: logs\project_log.log
2025-05-20 22:43:22.993 | INFO     | __main__:main:97 - Starting Excel fetch demonstration...
2025-05-20 22:43:22.993 | INFO     | __main__:fetch_excel_file:56 - Fetching Excel data from https://raw.githubusercontent.com/denisecase/datafun-03-analytics/main/hosted/Feedback.xlsx...
2025-05-20 22:43:23.274 | INFO     | __main__:write_excel_file:80 - Writing Excel data to femi_data\Feedback.xlsx...
2025-05-20 22:43:23.275 | INFO     | __main__:write_excel_file:84 - SUCCESS: Excel data written to femi_data\Feedback.xlsx
2025-05-20 22:43:23.276 | INFO     | __main__:fetch_excel_file:60 - SUCCESS: Excel file fetched and saved as Feedback.xlsx
2025-05-20 22:44:00.227 | INFO     | utils_logger:<module>:41 - Logging to file: logs\project_log.log
2025-05-20 22:44:00.227 | INFO     | __main__:main:98 - Starting JSON fetch demonstration...
2025-05-20 22:44:00.228 | INFO     | __main__:fetch_json_file:57 - Fetching JSON data from http://api.open-notify.org/astros.json...
2025-05-20 22:44:15.379 | INFO     | __main__:write_json_file:81 - Writing JSON data to femi_data\astros.json...
2025-05-20 22:44:15.380 | INFO     | __main__:write_json_file:85 - SUCCESS: JSON data written to femi_data\astros.json
2025-05-20 22:44:15.380 | INFO     | __main__:fetch_json_file:61 - SUCCESS: JSON file fetched and saved as astros.json
2025-05-20 22:44:55.002 | INFO     | utils_logger:<module>:41 - Logging to file: logs\project_log.log
2025-05-20 22:44:55.002 | INFO     | __main__:main:97 - Starting text fetch demonstration...
2025-05-20 22:44:55.002 | INFO     | __main__:fetch_txt_file:56 - Fetching text data from https://raw.githubusercontent.com/denisecase/datafun-03-analytics/main/hosted/romeo.txt...
2025-05-20 22:44:55.232 | INFO     | __main__:write_txt_file:80 - Writing data to femi_data\romeo.txt...
2025-05-20 22:44:55.235 | INFO     | __main__:write_txt_file:84 - SUCCESS: Data written to femi_data\romeo.txt
2025-05-20 22:44:55.235 | INFO     | __main__:fetch_txt_file:60 - SUCCESS: Text file fetched and saved as romeo.txt
